SF:main.py
DA:1,1
DA:2,1
DA:4,1
DA:5,1
DA:6,1
DA:9,1
DA:12,1
DA:13,1
DA:14,1
DA:15,1
DA:18,1
DA:19,1
DA:20,1
DA:22,1
DA:23,1
DA:25,1
DA:26,1
DA:28,1
DA:36,1
DA:37,1
DA:38,1
LF:21
LH:21
FN:13,15,create_session
FNDA:1,create_session
FN:19,33,create_item
FNDA:1,create_item
FN:37,38,homepage
FNDA:1,homepage
FNF:3
FNH:3
end_of_record
SF:models.py
DA:1,1
DA:2,1
DA:5,1
DA:6,1
DA:7,1
DA:8,1
LF:6
LH:6
end_of_record
SF:storage.py
DA:1,1
DA:2,1
DA:4,1
DA:6,1
DA:8,1
DA:9,1
DA:10,0
DA:11,0
DA:14,1
DA:15,1
DA:16,1
DA:17,1
DA:18,1
DA:20,1
DA:27,1
DA:30,1
DA:31,1
DA:33,1
DA:35,1
DA:36,1
DA:38,1
DA:39,1
DA:40,1
DA:45,1
LF:24
LH:22
FN:14,27,create_session
FNDA:1,create_session
FN:30,45,get_session
FNDA:1,get_session
FNF:2
FNH:2
end_of_record
SF:test_main.py
DA:1,1
DA:2,1
DA:3,1
DA:4,1
DA:5,1
DA:6,1
DA:8,1
DA:10,1
DA:11,1
DA:12,1
DA:14,1
DA:15,1
DA:16,1
DA:18,1
DA:19,1
DA:21,1
DA:23,1
DA:24,1
DA:25,1
DA:27,1
DA:28,1
DA:30,1
DA:32,1
DA:33,1
DA:34,1
DA:35,1
DA:37,1
DA:38,1
DA:40,1
DA:42,1
DA:43,1
DA:44,1
DA:46,1
DA:47,1
DA:49,1
DA:51,1
DA:52,1
DA:53,1
DA:55,1
DA:56,1
DA:57,1
DA:58,1
LF:42
LH:42
FN:11,12,mock_session
FNDA:1,mock_session
FN:15,16,expired_session
FNDA:1,expired_session
FN:19,25,test_create_session
FNDA:1,test_create_session
FN:28,35,test_create_item_valid_session
FNDA:1,test_create_item_valid_session
FN:38,44,test_create_item_session_not_found
FNDA:1,test_create_item_session_not_found
FN:47,53,test_create_item_expired_session
FNDA:1,test_create_item_expired_session
FN:55,60,test_homepage
FNDA:1,test_homepage
FNF:7
FNH:7
end_of_record
SF:test_storage.py
DA:1,1
DA:2,1
DA:3,1
DA:4,1
DA:7,1
DA:8,1
DA:9,1
DA:10,1
DA:13,1
DA:14,1
DA:15,1
DA:21,1
DA:23,1
DA:24,1
DA:26,1
DA:29,1
DA:32,1
DA:33,1
DA:34,1
DA:35,1
DA:41,1
DA:42,1
DA:43,1
DA:46,1
DA:48,1
DA:50,1
DA:51,1
DA:54,1
DA:57,1
DA:58,1
DA:59,1
DA:64,1
DA:66,1
DA:68,1
DA:69,1
DA:72,1
DA:75,1
LF:37
LH:37
FN:8,10,mock_redis
FNDA:1,mock_redis
FN:14,18,mock_session
FNDA:1,mock_session
FN:21,43,test_create_session
FNDA:1,test_create_session
FN:46,61,test_get_session_valid
FNDA:1,test_get_session_valid
FN:64,75,test_get_session_not_found
FNDA:1,test_get_session_not_found
FNF:5
FNH:5
end_of_record
